  Barrier.cpp
  Game.cpp
F:\Object Oriented C++ Programming\LUA Project\Y2_LUA_Attack\LUA_SIClone\Game.h(14,10): fatal  error C1083: Cannot open include file: 'allegro5/allegro.h': No such file or directory
  Input.cpp
F:\Object Oriented C++ Programming\LUA Project\Y2_LUA_Attack\LUA_SIClone\Game.h(14,10): fatal  error C1083: Cannot open include file: 'allegro5/allegro.h': No such file or directory
  laser.cpp
F:\Object Oriented C++ Programming\LUA Project\Y2_LUA_Attack\LUA_SIClone\Game.h(14,10): fatal  error C1083: Cannot open include file: 'allegro5/allegro.h': No such file or directory
  LuaHelper.cpp
  main.cpp
F:\Object Oriented C++ Programming\LUA Project\Y2_LUA_Attack\LUA_SIClone\Game.h(14,10): fatal  error C1083: Cannot open include file: 'allegro5/allegro.h': No such file or directory
  Mothership.cpp
F:\Object Oriented C++ Programming\LUA Project\Y2_LUA_Attack\LUA_SIClone\Ship.h(14,10): fatal  error C1083: Cannot open include file: 'allegro5/allegro.h': No such file or directory
  Player.cpp
F:\Object Oriented C++ Programming\LUA Project\Y2_LUA_Attack\LUA_SIClone\Ship.h(14,10): fatal  error C1083: Cannot open include file: 'allegro5/allegro.h': No such file or directory
  Scene.cpp
F:\Object Oriented C++ Programming\LUA Project\Y2_LUA_Attack\LUA_SIClone\Ship.h(14,10): fatal  error C1083: Cannot open include file: 'allegro5/allegro.h': No such file or directory
  Ship.cpp
F:\Object Oriented C++ Programming\LUA Project\Y2_LUA_Attack\LUA_SIClone\Ship.h(14,10): fatal  error C1083: Cannot open include file: 'allegro5/allegro.h': No such file or directory
  Ufo.cpp
F:\Object Oriented C++ Programming\LUA Project\Y2_LUA_Attack\LUA_SIClone\Ship.h(14,10): fatal  error C1083: Cannot open include file: 'allegro5/allegro.h': No such file or directory
  Generating Code...
